# JRE version: OpenJDK Runtime Environment (11.0.13) (build 11.0.13+0-b1751.21-8125866)
# Java VM: OpenJDK 64-Bit Server VM (11.0.13+0-b1751.21-8125866, mixed mode, tiered, compressed oops, g1 gc, windows-amd64)
Heap:
 garbage-first heap   total 303104K, used 200835K [0x0000000080000000, 0x0000000100000000)
  region size 1024K, 100 young (102400K), 15 survivors (15360K)
 Metaspace       used 88720K, capacity 91028K, committed 91164K, reserved 1128448K
  class space    used 11114K, capacity 11923K, committed 11980K, reserved 1048576K
GC Heap History (20 events):
Event: 42.930 GC heap before
{Heap before GC invocations=49 (full 0):
 garbage-first heap   total 303104K, used 250395K [0x0000000080000000, 0x0000000100000000)
  region size 1024K, 153 young (156672K), 8 survivors (8192K)
 Metaspace       used 65742K, capacity 67681K, committed 67740K, reserved 1107968K
  class space    used 8077K, capacity 8722K, committed 8780K, reserved 1048576K
}
Event: 42.936 GC heap after
{Heap after GC invocations=50 (full 0):
 garbage-first heap   total 303104K, used 102914K [0x0000000080000000, 0x0000000100000000)
  region size 1024K, 9 young (9216K), 9 survivors (9216K)
 Metaspace       used 65742K, capacity 67681K, committed 67740K, reserved 1107968K
  class space    used 8077K, capacity 8722K, committed 8780K, reserved 1048576K
}
Event: 44.465 GC heap before
{Heap before GC invocations=50 (full 0):
 garbage-first heap   total 303104K, used 253442K [0x0000000080000000, 0x0000000100000000)
  region size 1024K, 155 young (158720K), 9 survivors (9216K)
 Metaspace       used 65790K, capacity 67689K, committed 67996K, reserved 1107968K
  class space    used 8077K, capacity 8722K, committed 8780K, reserved 1048576K
}
Event: 44.467 GC heap after
{Heap after GC invocations=51 (full 0):
 garbage-first heap   total 303104K, used 94447K [0x0000000080000000, 0x0000000100000000)
  region size 1024K, 3 young (3072K), 3 survivors (3072K)
 Metaspace       used 65790K, capacity 67689K, committed 67996K, reserved 1107968K
  class space    used 8077K, capacity 8722K, committed 8780K, reserved 1048576K
}
Event: 44.750 GC heap before
{Heap before GC invocations=51 (full 0):
 garbage-first heap   total 303104K, used 257263K [0x0000000080000000, 0x0000000100000000)
  region size 1024K, 161 young (164864K), 3 survivors (3072K)
 Metaspace       used 65795K, capacity 67689K, committed 67996K, reserved 1107968K
  class space    used 8077K, capacity 8722K, committed 8780K, reserved 1048576K
}
Event: 44.751 GC heap after
{Heap after GC invocations=52 (full 0):
 garbage-first heap   total 303104K, used 94035K [0x0000000080000000, 0x0000000100000000)
  region size 1024K, 2 young (2048K), 2 survivors (2048K)
 Metaspace       used 65795K, capacity 67689K, committed 67996K, reserved 1107968K
  class space    used 8077K, capacity 8722K, committed 8780K, reserved 1048576K
}
Event: 45.127 GC heap before
{Heap before GC invocations=52 (full 0):
 garbage-first heap   total 303104K, used 259923K [0x0000000080000000, 0x0000000100000000)
  region size 1024K, 164 young (167936K), 2 survivors (2048K)
 Metaspace       used 65824K, capacity 67695K, committed 67996K, reserved 1107968K
  class space    used 8077K, capacity 8722K, committed 8780K, reserved 1048576K
}
Event: 45.128 GC heap after
{Heap after GC invocations=53 (full 0):
 garbage-first heap   total 303104K, used 92605K [0x0000000080000000, 0x0000000100000000)
  region size 1024K, 2 young (2048K), 2 survivors (2048K)
 Metaspace       used 65824K, capacity 67695K, committed 67996K, reserved 1107968K
  class space    used 8077K, capacity 8722K, committed 8780K, reserved 1048576K
}
Event: 45.467 GC heap before
{Heap before GC invocations=53 (full 0):
 garbage-first heap   total 303104K, used 264637K [0x0000000080000000, 0x0000000100000000)
  region size 1024K, 167 young (171008K), 2 survivors (2048K)
 Metaspace       used 65824K, capacity 67695K, committed 67996K, reserved 1107968K
  class space    used 8077K, capacity 8722K, committed 8780K, reserved 1048576K
}
Event: 45.469 GC heap after
{Heap after GC invocations=54 (full 0):
 garbage-first heap   total 303104K, used 97169K [0x0000000080000000, 0x0000000100000000)
  region size 1024K, 3 young (3072K), 3 survivors (3072K)
 Metaspace       used 65824K, capacity 67695K, committed 67996K, reserved 1107968K
  class space    used 8077K, capacity 8722K, committed 8780K, reserved 1048576K
}
Event: 45.784 GC heap before
{Heap before GC invocations=54 (full 0):
 garbage-first heap   total 303104K, used 262033K [0x0000000080000000, 0x0000000100000000)
  region size 1024K, 164 young (167936K), 3 survivors (3072K)
 Metaspace       used 65824K, capacity 67695K, committed 67996K, reserved 1107968K
  class space    used 8077K, capacity 8722K, committed 8780K, reserved 1048576K
}
Event: 45.786 GC heap after
{Heap after GC invocations=55 (full 0):
 garbage-first heap   total 303104K, used 99514K [0x0000000080000000, 0x0000000100000000)
  region size 1024K, 5 young (5120K), 5 survivors (5120K)
 Metaspace       used 65824K, capacity 67695K, committed 67996K, reserved 1107968K
  class space    used 8077K, capacity 8722K, committed 8780K, reserved 1048576K
}
Event: 46.103 GC heap before
{Heap before GC invocations=55 (full 0):
 garbage-first heap   total 303104K, used 262330K [0x0000000080000000, 0x0000000100000000)
  region size 1024K, 165 young (168960K), 5 survivors (5120K)
 Metaspace       used 65825K, capacity 67695K, committed 67996K, reserved 1107968K
  class space    used 8077K, capacity 8722K, committed 8780K, reserved 1048576K
}
Event: 46.104 GC heap after
{Heap after GC invocations=56 (full 0):
 garbage-first heap   total 303104K, used 92361K [0x0000000080000000, 0x0000000100000000)
  region size 1024K, 1 young (1024K), 1 survivors (1024K)
 Metaspace       used 65825K, capacity 67695K, committed 67996K, reserved 1107968K
  class space    used 8077K, capacity 8722K, committed 8780K, reserved 1048576K
}
Event: 46.410 GC heap before
{Heap before GC invocations=56 (full 0):
 garbage-first heap   total 303104K, used 263369K [0x0000000080000000, 0x0000000100000000)
  region size 1024K, 166 young (169984K), 1 survivors (1024K)
 Metaspace       used 65825K, capacity 67695K, committed 67996K, reserved 1107968K
  class space    used 8077K, capacity 8722K, committed 8780K, reserved 1048576K
}
Event: 46.411 GC heap after
{Heap after GC invocations=57 (full 0):
 garbage-first heap   total 303104K, used 95446K [0x0000000080000000, 0x0000000100000000)
  region size 1024K, 2 young (2048K), 2 survivors (2048K)
 Metaspace       used 65825K, capacity 67695K, committed 67996K, reserved 1107968K
  class space    used 8077K, capacity 8722K, committed 8780K, reserved 1048576K
}
Event: 46.834 GC heap before
{Heap before GC invocations=57 (full 0):
 garbage-first heap   total 303104K, used 271574K [0x0000000080000000, 0x0000000100000000)
  region size 1024K, 166 young (169984K), 2 survivors (2048K)
 Metaspace       used 66179K, capacity 68131K, committed 68380K, reserved 1110016K
  class space    used 8121K, capacity 8798K, committed 8908K, reserved 1048576K
}
Event: 46.837 GC heap after
{Heap after GC invocations=58 (full 0):
 garbage-first heap   total 303104K, used 107585K [0x0000000080000000, 0x0000000100000000)
  region size 1024K, 8 young (8192K), 8 survivors (8192K)
 Metaspace       used 66179K, capacity 68131K, committed 68380K, reserved 1110016K
  class space    used 8121K, capacity 8798K, committed 8908K, reserved 1048576K
}
Event: 48.343 GC heap before
{Heap before GC invocations=58 (full 0):
 garbage-first heap   total 303104K, used 259137K [0x0000000080000000, 0x0000000100000000)
  region size 1024K, 156 young (159744K), 8 survivors (8192K)
 Metaspace       used 82171K, capacity 84280K, committed 84508K, reserved 1122304K
  class space    used 10116K, capacity 10835K, committed 10956K, reserved 1048576K
}
Event: 48.348 GC heap after
{Heap after GC invocations=59 (full 0):
 garbage-first heap   total 303104K, used 114819K [0x0000000080000000, 0x0000000100000000)
  region size 1024K, 15 young (15360K), 15 survivors (15360K)
 Metaspace       used 82171K, capacity 84280K, committed 84508K, reserved 1122304K
  class space    used 10116K, capacity 10835K, committed 10956K, reserved 1048576K
}

